{"C:\\Users\\Antonio\\Desktop\\Proyectos\\Formacion\\Expo\\film-searcher\\app\\components\\LoadingIndicator.tsx": {"path":"C:\\Users\\Antonio\\Desktop\\Proyectos\\Formacion\\Expo\\film-searcher\\app\\components\\LoadingIndicator.tsx","statementMap":{"0":{"start":{"line":4,"column":42},"end":{"line":8,"column":1}},"1":{"start":{"line":5,"column":2},"end":{"line":7,"column":9}},"2":{"start":{"line":10,"column":15},"end":{"line":16,"column":2}}},"fnMap":{"0":{"name":"(anonymous_0)","decl":{"start":{"line":4,"column":42},"end":{"line":4,"column":43}},"loc":{"start":{"line":5,"column":2},"end":{"line":7,"column":9}},"line":5}},"branchMap":{},"s":{"0":1,"1":0,"2":1},"f":{"0":0},"b":{},"_coverageSchema":"1a1c01bbd47fc00a2c39e90264f33305004495a9","hash":"8ba467c8d51017353fbea00969308408025ef5e2"}
,"C:\\Users\\Antonio\\Desktop\\Proyectos\\Formacion\\Expo\\film-searcher\\app\\components\\MovieItem.tsx": {"path":"C:\\Users\\Antonio\\Desktop\\Proyectos\\Formacion\\Expo\\film-searcher\\app\\components\\MovieItem.tsx","statementMap":{"0":{"start":{"line":14,"column":51},"end":{"line":33,"column":1}},"1":{"start":{"line":15,"column":2},"end":{"line":32,"column":21}},"2":{"start":{"line":34,"column":18},"end":{"line":34,"column":42}},"3":{"start":{"line":35,"column":21},"end":{"line":35,"column":37}},"4":{"start":{"line":37,"column":15},"end":{"line":81,"column":2}}},"fnMap":{"0":{"name":"(anonymous_0)","decl":{"start":{"line":14,"column":51},"end":{"line":14,"column":52}},"loc":{"start":{"line":15,"column":2},"end":{"line":32,"column":21}},"line":15}},"branchMap":{"0":{"loc":{"start":{"line":25,"column":18},"end":{"line":25,"column":56}},"type":"cond-expr","locations":[{"start":{"line":25,"column":31},"end":{"line":25,"column":38}},{"start":{"line":25,"column":41},"end":{"line":25,"column":56}}],"line":25},"1":{"loc":{"start":{"line":27,"column":19},"end":{"line":27,"column":46}},"type":"cond-expr","locations":[{"start":{"line":27,"column":32},"end":{"line":27,"column":37}},{"start":{"line":27,"column":40},"end":{"line":27,"column":46}}],"line":27}},"s":{"0":1,"1":5,"2":1,"3":1,"4":1},"f":{"0":5},"b":{"0":[1,4],"1":[1,4]},"_coverageSchema":"1a1c01bbd47fc00a2c39e90264f33305004495a9","hash":"f99c8704a19280ef35baf61fea50f4b2936fe412"}
,"C:\\Users\\Antonio\\Desktop\\Proyectos\\Formacion\\Expo\\film-searcher\\app\\components\\MovieList.tsx": {"path":"C:\\Users\\Antonio\\Desktop\\Proyectos\\Formacion\\Expo\\film-searcher\\app\\components\\MovieList.tsx","statementMap":{"0":{"start":{"line":22,"column":51},"end":{"line":63,"column":1}},"1":{"start":{"line":31,"column":23},"end":{"line":38,"column":3}},"2":{"start":{"line":32,"column":4},"end":{"line":32,"column":30}},"3":{"start":{"line":32,"column":18},"end":{"line":32,"column":30}},"4":{"start":{"line":33,"column":4},"end":{"line":37,"column":6}},"5":{"start":{"line":40,"column":26},"end":{"line":48,"column":3}},"6":{"start":{"line":41,"column":4},"end":{"line":47,"column":6}},"7":{"start":{"line":44,"column":29},"end":{"line":44,"column":53}},"8":{"start":{"line":45,"column":26},"end":{"line":45,"column":47}},"9":{"start":{"line":50,"column":2},"end":{"line":62,"column":4}},"10":{"start":{"line":54,"column":30},"end":{"line":54,"column":48}},"11":{"start":{"line":65,"column":18},"end":{"line":65,"column":42}},"12":{"start":{"line":66,"column":21},"end":{"line":66,"column":37}},"13":{"start":{"line":68,"column":15},"end":{"line":76,"column":2}}},"fnMap":{"0":{"name":"(anonymous_0)","decl":{"start":{"line":22,"column":51},"end":{"line":22,"column":52}},"loc":{"start":{"line":30,"column":6},"end":{"line":63,"column":1}},"line":30},"1":{"name":"(anonymous_1)","decl":{"start":{"line":31,"column":23},"end":{"line":31,"column":24}},"loc":{"start":{"line":31,"column":29},"end":{"line":38,"column":3}},"line":31},"2":{"name":"(anonymous_2)","decl":{"start":{"line":40,"column":26},"end":{"line":40,"column":27}},"loc":{"start":{"line":41,"column":4},"end":{"line":47,"column":6}},"line":41},"3":{"name":"(anonymous_3)","decl":{"start":{"line":44,"column":23},"end":{"line":44,"column":24}},"loc":{"start":{"line":44,"column":29},"end":{"line":44,"column":53}},"line":44},"4":{"name":"(anonymous_4)","decl":{"start":{"line":45,"column":20},"end":{"line":45,"column":21}},"loc":{"start":{"line":45,"column":26},"end":{"line":45,"column":47}},"line":45},"5":{"name":"(anonymous_5)","decl":{"start":{"line":54,"column":20},"end":{"line":54,"column":21}},"loc":{"start":{"line":54,"column":30},"end":{"line":54,"column":48}},"line":54}},"branchMap":{"0":{"loc":{"start":{"line":32,"column":4},"end":{"line":32,"column":30}},"type":"if","locations":[{"start":{"line":32,"column":4},"end":{"line":32,"column":30}},{"start":{},"end":{}}],"line":32},"1":{"loc":{"start":{"line":57,"column":20},"end":{"line":57,"column":52}},"type":"cond-expr","locations":[{"start":{"line":57,"column":35},"end":{"line":57,"column":45}},{"start":{"line":57,"column":48},"end":{"line":57,"column":52}}],"line":57}},"s":{"0":1,"1":3,"2":3,"3":3,"4":0,"5":3,"6":5,"7":0,"8":1,"9":3,"10":10,"11":1,"12":1,"13":1},"f":{"0":3,"1":3,"2":5,"3":0,"4":1,"5":10},"b":{"0":[3,0],"1":[3,0]},"_coverageSchema":"1a1c01bbd47fc00a2c39e90264f33305004495a9","hash":"5510879223fb2a5970e1fce8eb8572f77f129c52"}
,"C:\\Users\\Antonio\\Desktop\\Proyectos\\Formacion\\Expo\\film-searcher\\app\\home\\index.tsx": {"path":"C:\\Users\\Antonio\\Desktop\\Proyectos\\Formacion\\Expo\\film-searcher\\app\\home\\index.tsx","statementMap":{"0":{"start":{"line":17,"column":4},"end":{"line":17,"column":66}},"1":{"start":{"line":18,"column":60},"end":{"line":18,"column":71}},"2":{"start":{"line":19,"column":40},"end":{"line":19,"column":54}},"3":{"start":{"line":21,"column":27},"end":{"line":23,"column":3}},"4":{"start":{"line":22,"column":4},"end":{"line":22,"column":53}},"5":{"start":{"line":25,"column":2},"end":{"line":27,"column":3}},"6":{"start":{"line":26,"column":4},"end":{"line":26,"column":32}},"7":{"start":{"line":29,"column":2},"end":{"line":42,"column":4}},"8":{"start":{"line":45,"column":15},"end":{"line":57,"column":2}}},"fnMap":{"0":{"name":"Home","decl":{"start":{"line":15,"column":24},"end":{"line":15,"column":28}},"loc":{"start":{"line":15,"column":31},"end":{"line":43,"column":1}},"line":15},"1":{"name":"(anonymous_1)","decl":{"start":{"line":21,"column":27},"end":{"line":21,"column":28}},"loc":{"start":{"line":21,"column":48},"end":{"line":23,"column":3}},"line":21}},"branchMap":{"0":{"loc":{"start":{"line":25,"column":2},"end":{"line":27,"column":3}},"type":"if","locations":[{"start":{"line":25,"column":2},"end":{"line":27,"column":3}},{"start":{},"end":{}}],"line":25},"1":{"loc":{"start":{"line":25,"column":6},"end":{"line":25,"column":36}},"type":"binary-expr","locations":[{"start":{"line":25,"column":6},"end":{"line":25,"column":13}},{"start":{"line":25,"column":17},"end":{"line":25,"column":36}}],"line":25}},"s":{"0":3,"1":3,"2":3,"3":3,"4":1,"5":3,"6":0,"7":3,"8":1},"f":{"0":3,"1":1},"b":{"0":[0,3],"1":[3,0]},"_coverageSchema":"1a1c01bbd47fc00a2c39e90264f33305004495a9","hash":"99f4d1ba9f16dd5206e5da143e008325f496f205"}
,"C:\\Users\\Antonio\\Desktop\\Proyectos\\Formacion\\Expo\\film-searcher\\app\\hooks\\useFavorites.ts": {"path":"C:\\Users\\Antonio\\Desktop\\Proyectos\\Formacion\\Expo\\film-searcher\\app\\hooks\\useFavorites.ts","statementMap":{"0":{"start":{"line":4,"column":28},"end":{"line":38,"column":1}},"1":{"start":{"line":5,"column":36},"end":{"line":5,"column":58}},"2":{"start":{"line":7,"column":2},"end":{"line":9,"column":9}},"3":{"start":{"line":8,"column":4},"end":{"line":8,"column":20}},"4":{"start":{"line":11,"column":24},"end":{"line":20,"column":3}},"5":{"start":{"line":12,"column":4},"end":{"line":19,"column":5}},"6":{"start":{"line":13,"column":30},"end":{"line":13,"column":69}},"7":{"start":{"line":14,"column":6},"end":{"line":16,"column":7}},"8":{"start":{"line":15,"column":8},"end":{"line":15,"column":50}},"9":{"start":{"line":18,"column":6},"end":{"line":18,"column":55}},"10":{"start":{"line":22,"column":25},"end":{"line":35,"column":3}},"11":{"start":{"line":23,"column":4},"end":{"line":34,"column":5}},"12":{"start":{"line":25,"column":6},"end":{"line":29,"column":7}},"13":{"start":{"line":26,"column":8},"end":{"line":26,"column":62}},"14":{"start":{"line":26,"column":46},"end":{"line":26,"column":60}},"15":{"start":{"line":28,"column":8},"end":{"line":28,"column":47}},"16":{"start":{"line":30,"column":6},"end":{"line":30,"column":33}},"17":{"start":{"line":31,"column":6},"end":{"line":31,"column":76}},"18":{"start":{"line":33,"column":6},"end":{"line":33,"column":56}},"19":{"start":{"line":37,"column":2},"end":{"line":37,"column":39}}},"fnMap":{"0":{"name":"(anonymous_0)","decl":{"start":{"line":4,"column":28},"end":{"line":4,"column":29}},"loc":{"start":{"line":4,"column":34},"end":{"line":38,"column":1}},"line":4},"1":{"name":"(anonymous_1)","decl":{"start":{"line":7,"column":12},"end":{"line":7,"column":13}},"loc":{"start":{"line":7,"column":18},"end":{"line":9,"column":3}},"line":7},"2":{"name":"(anonymous_2)","decl":{"start":{"line":11,"column":24},"end":{"line":11,"column":25}},"loc":{"start":{"line":11,"column":36},"end":{"line":20,"column":3}},"line":11},"3":{"name":"(anonymous_3)","decl":{"start":{"line":22,"column":25},"end":{"line":22,"column":26}},"loc":{"start":{"line":22,"column":52},"end":{"line":35,"column":3}},"line":22},"4":{"name":"(anonymous_4)","decl":{"start":{"line":26,"column":40},"end":{"line":26,"column":41}},"loc":{"start":{"line":26,"column":46},"end":{"line":26,"column":60}},"line":26}},"branchMap":{"0":{"loc":{"start":{"line":14,"column":6},"end":{"line":16,"column":7}},"type":"if","locations":[{"start":{"line":14,"column":6},"end":{"line":16,"column":7}},{"start":{},"end":{}}],"line":14},"1":{"loc":{"start":{"line":25,"column":6},"end":{"line":29,"column":7}},"type":"if","locations":[{"start":{"line":25,"column":6},"end":{"line":29,"column":7}},{"start":{"line":27,"column":13},"end":{"line":29,"column":7}}],"line":25}},"s":{"0":1,"1":0,"2":0,"3":0,"4":0,"5":0,"6":0,"7":0,"8":0,"9":0,"10":0,"11":0,"12":0,"13":0,"14":0,"15":0,"16":0,"17":0,"18":0,"19":0},"f":{"0":0,"1":0,"2":0,"3":0,"4":0},"b":{"0":[0,0],"1":[0,0]},"_coverageSchema":"1a1c01bbd47fc00a2c39e90264f33305004495a9","hash":"f861b258d193c4318500b44008c25458f29be45a"}
,"C:\\Users\\Antonio\\Desktop\\Proyectos\\Formacion\\Expo\\film-searcher\\app\\hooks\\useMovies.ts": {"path":"C:\\Users\\Antonio\\Desktop\\Proyectos\\Formacion\\Expo\\film-searcher\\app\\hooks\\useMovies.ts","statementMap":{"0":{"start":{"line":5,"column":25},"end":{"line":41,"column":1}},"1":{"start":{"line":6,"column":30},"end":{"line":6,"column":51}},"2":{"start":{"line":7,"column":32},"end":{"line":7,"column":46}},"3":{"start":{"line":8,"column":26},"end":{"line":8,"column":37}},"4":{"start":{"line":9,"column":42},"end":{"line":9,"column":56}},"5":{"start":{"line":11,"column":21},"end":{"line":28,"column":3}},"6":{"start":{"line":12,"column":4},"end":{"line":27,"column":5}},"7":{"start":{"line":13,"column":67},"end":{"line":13,"column":104}},"8":{"start":{"line":15,"column":6},"end":{"line":19,"column":7}},"9":{"start":{"line":16,"column":8},"end":{"line":16,"column":29}},"10":{"start":{"line":18,"column":8},"end":{"line":18,"column":63}},"11":{"start":{"line":18,"column":32},"end":{"line":18,"column":61}},"12":{"start":{"line":21,"column":6},"end":{"line":21,"column":48}},"13":{"start":{"line":22,"column":6},"end":{"line":22,"column":27}},"14":{"start":{"line":24,"column":6},"end":{"line":24,"column":53}},"15":{"start":{"line":26,"column":6},"end":{"line":26,"column":24}},"16":{"start":{"line":30,"column":2},"end":{"line":32,"column":9}},"17":{"start":{"line":31,"column":4},"end":{"line":31,"column":18}},"18":{"start":{"line":34,"column":25},"end":{"line":38,"column":3}},"19":{"start":{"line":35,"column":4},"end":{"line":37,"column":5}},"20":{"start":{"line":36,"column":6},"end":{"line":36,"column":27}},"21":{"start":{"line":40,"column":2},"end":{"line":40,"column":59}}},"fnMap":{"0":{"name":"(anonymous_0)","decl":{"start":{"line":5,"column":25},"end":{"line":5,"column":26}},"loc":{"start":{"line":5,"column":31},"end":{"line":41,"column":1}},"line":5},"1":{"name":"(anonymous_1)","decl":{"start":{"line":11,"column":21},"end":{"line":11,"column":22}},"loc":{"start":{"line":11,"column":52},"end":{"line":28,"column":3}},"line":11},"2":{"name":"(anonymous_2)","decl":{"start":{"line":18,"column":18},"end":{"line":18,"column":19}},"loc":{"start":{"line":18,"column":32},"end":{"line":18,"column":61}},"line":18},"3":{"name":"(anonymous_3)","decl":{"start":{"line":30,"column":12},"end":{"line":30,"column":13}},"loc":{"start":{"line":30,"column":18},"end":{"line":32,"column":3}},"line":30},"4":{"name":"(anonymous_4)","decl":{"start":{"line":34,"column":25},"end":{"line":34,"column":26}},"loc":{"start":{"line":34,"column":31},"end":{"line":38,"column":3}},"line":34}},"branchMap":{"0":{"loc":{"start":{"line":15,"column":6},"end":{"line":19,"column":7}},"type":"if","locations":[{"start":{"line":15,"column":6},"end":{"line":19,"column":7}},{"start":{"line":17,"column":13},"end":{"line":19,"column":7}}],"line":15},"1":{"loc":{"start":{"line":35,"column":4},"end":{"line":37,"column":5}},"type":"if","locations":[{"start":{"line":35,"column":4},"end":{"line":37,"column":5}},{"start":{},"end":{}}],"line":35},"2":{"loc":{"start":{"line":35,"column":8},"end":{"line":35,"column":32}},"type":"binary-expr","locations":[{"start":{"line":35,"column":8},"end":{"line":35,"column":20}},{"start":{"line":35,"column":24},"end":{"line":35,"column":32}}],"line":35}},"s":{"0":1,"1":0,"2":0,"3":0,"4":0,"5":0,"6":0,"7":0,"8":0,"9":0,"10":0,"11":0,"12":0,"13":0,"14":0,"15":0,"16":0,"17":0,"18":0,"19":0,"20":0,"21":0},"f":{"0":0,"1":0,"2":0,"3":0,"4":0},"b":{"0":[0,0],"1":[0,0],"2":[0,0]},"_coverageSchema":"1a1c01bbd47fc00a2c39e90264f33305004495a9","hash":"c82bdca2d10e879173069009076a6af70dbec620"}
,"C:\\Users\\Antonio\\Desktop\\Proyectos\\Formacion\\Expo\\film-searcher\\app\\services\\movieService.ts": {"path":"C:\\Users\\Antonio\\Desktop\\Proyectos\\Formacion\\Expo\\film-searcher\\app\\services\\movieService.ts","statementMap":{"0":{"start":{"line":3,"column":16},"end":{"line":3,"column":50}},"1":{"start":{"line":5,"column":34},"end":{"line":21,"column":1}},"2":{"start":{"line":6,"column":19},"end":{"line":8,"column":3}},"3":{"start":{"line":9,"column":15},"end":{"line":9,"column":36}},"4":{"start":{"line":11,"column":2},"end":{"line":20,"column":4}},"5":{"start":{"line":12,"column":46},"end":{"line":17,"column":5}},"6":{"start":{"line":23,"column":33},"end":{"line":31,"column":1}},"7":{"start":{"line":24,"column":19},"end":{"line":26,"column":3}},"8":{"start":{"line":27,"column":2},"end":{"line":29,"column":3}},"9":{"start":{"line":28,"column":4},"end":{"line":28,"column":51}},"10":{"start":{"line":30,"column":2},"end":{"line":30,"column":25}},"11":{"start":{"line":33,"column":33},"end":{"line":41,"column":1}},"12":{"start":{"line":34,"column":19},"end":{"line":36,"column":3}},"13":{"start":{"line":37,"column":2},"end":{"line":39,"column":3}},"14":{"start":{"line":38,"column":4},"end":{"line":38,"column":51}},"15":{"start":{"line":40,"column":2},"end":{"line":40,"column":25}},"16":{"start":{"line":43,"column":28},"end":{"line":64,"column":1}},"17":{"start":{"line":46,"column":2},"end":{"line":53,"column":3}},"18":{"start":{"line":47,"column":4},"end":{"line":47,"column":114}},"19":{"start":{"line":48,"column":4},"end":{"line":50,"column":5}},"20":{"start":{"line":49,"column":6},"end":{"line":49,"column":51}},"21":{"start":{"line":52,"column":4},"end":{"line":52,"column":123}},"22":{"start":{"line":55,"column":19},"end":{"line":55,"column":35}},"23":{"start":{"line":56,"column":15},"end":{"line":56,"column":36}},"24":{"start":{"line":58,"column":2},"end":{"line":63,"column":6}},"25":{"start":{"line":58,"column":43},"end":{"line":63,"column":3}}},"fnMap":{"0":{"name":"(anonymous_0)","decl":{"start":{"line":5,"column":34},"end":{"line":5,"column":35}},"loc":{"start":{"line":5,"column":58},"end":{"line":21,"column":1}},"line":5},"1":{"name":"(anonymous_1)","decl":{"start":{"line":12,"column":29},"end":{"line":12,"column":30}},"loc":{"start":{"line":12,"column":46},"end":{"line":17,"column":5}},"line":12},"2":{"name":"(anonymous_2)","decl":{"start":{"line":23,"column":33},"end":{"line":23,"column":34}},"loc":{"start":{"line":23,"column":60},"end":{"line":31,"column":1}},"line":23},"3":{"name":"(anonymous_3)","decl":{"start":{"line":33,"column":33},"end":{"line":33,"column":34}},"loc":{"start":{"line":33,"column":60},"end":{"line":41,"column":1}},"line":33},"4":{"name":"(anonymous_4)","decl":{"start":{"line":43,"column":28},"end":{"line":43,"column":29}},"loc":{"start":{"line":43,"column":89},"end":{"line":64,"column":1}},"line":43},"5":{"name":"(anonymous_5)","decl":{"start":{"line":58,"column":26},"end":{"line":58,"column":27}},"loc":{"start":{"line":58,"column":43},"end":{"line":63,"column":3}},"line":58}},"branchMap":{"0":{"loc":{"start":{"line":27,"column":2},"end":{"line":29,"column":3}},"type":"if","locations":[{"start":{"line":27,"column":2},"end":{"line":29,"column":3}},{"start":{},"end":{}}],"line":27},"1":{"loc":{"start":{"line":37,"column":2},"end":{"line":39,"column":3}},"type":"if","locations":[{"start":{"line":37,"column":2},"end":{"line":39,"column":3}},{"start":{},"end":{}}],"line":37},"2":{"loc":{"start":{"line":46,"column":2},"end":{"line":53,"column":3}},"type":"if","locations":[{"start":{"line":46,"column":2},"end":{"line":53,"column":3}},{"start":{"line":51,"column":9},"end":{"line":53,"column":3}}],"line":46},"3":{"loc":{"start":{"line":48,"column":4},"end":{"line":50,"column":5}},"type":"if","locations":[{"start":{"line":48,"column":4},"end":{"line":50,"column":5}},{"start":{},"end":{}}],"line":48},"4":{"loc":{"start":{"line":61,"column":17},"end":{"line":61,"column":144}},"type":"cond-expr","locations":[{"start":{"line":61,"column":37},"end":{"line":61,"column":90}},{"start":{"line":61,"column":93},"end":{"line":61,"column":144}}],"line":61}},"s":{"0":1,"1":1,"2":0,"3":0,"4":0,"5":0,"6":1,"7":0,"8":0,"9":0,"10":0,"11":1,"12":0,"13":0,"14":0,"15":0,"16":1,"17":0,"18":0,"19":0,"20":0,"21":0,"22":0,"23":0,"24":0,"25":0},"f":{"0":0,"1":0,"2":0,"3":0,"4":0,"5":0},"b":{"0":[0,0],"1":[0,0],"2":[0,0],"3":[0,0],"4":[0,0]},"_coverageSchema":"1a1c01bbd47fc00a2c39e90264f33305004495a9","hash":"55a7dc8670720e565182e273c5dce710e5c8cce5"}
}
